<?xml version="1.0" encoding="UTF-8"?>
<!-- Generated by org.testng.reporters.JUnitXMLReporter -->
<testsuite hostname="DESKTOP-HG9LLBB" ignored="0" name="Login" tests="4" failures="0" timestamp="2019-10-30T15:18:43 EDT" time="105.424" errors="0">
  <testcase name="f" time="13.496" classname="Providers.opetions"/>
  <testcase name="f" time="36.06" classname="Providers.opetions"/>
  <testcase name="f" time="26.192" classname="Providers.opetions"/>
  <testcase name="f" time="12.994" classname="Providers.opetions"/>
</testsuite> <!-- Login -->
