<?xml version="1.0" encoding="UTF-8"?>
<!-- Generated by org.testng.reporters.JUnitXMLReporter -->
<testsuite hostname="DESKTOP-HG9LLBB" ignored="0" name="EbWeb" tests="1" failures="1" timestamp="2019-10-30T15:27:42 EDT" time="12.749" errors="0">
  <testcase name="f" time="0.029" classname="Executionforebay.Ebi">
    <failure type="java.lang.NullPointerException">
      <![CDATA[java.lang.NullPointerException
at org.openqa.selenium.support.pagefactory.DefaultElementLocator.findElement(DefaultElementLocator.java:69)
at org.openqa.selenium.support.pagefactory.internal.LocatingElementHandler.invoke(LocatingElementHandler.java:38)
at com.sun.proxy.$Proxy10.click(Unknown Source)
at Ebay.Home.signinlinkclick(Home.java:24)
at Executionforebay.Ebi.f(Ebi.java:31)
at java.util.ArrayList.forEach(Unknown Source)
... Removed 27 stack frames]]>
    </failure>
  </testcase> <!-- f -->
</testsuite> <!-- EbWeb -->
